#
# A fatal error has been detected by the Java Runtime Environment:
#
#  SIGSEGV (0xb) at pc=0x00007f500d069cba, pid=22421, tid=0x00007f50038d8700
#
# JRE version: Java(TM) SE Runtime Environment (8.0_171-b11) (build 1.8.0_171-b11)
# Java VM: Java HotSpot(TM) 64-Bit Server VM (25.171-b11 mixed mode linux-amd64 compressed oops)
# Problematic frame:
# v  ~BufferBlob::jni_fast_GetLongField
#
# Failed to write core dump. Core dumps have been disabled. To enable core dumping, try "ulimit -c unlimited" before starting Java again
#
# If you would like to submit a bug report, please visit:
#   http://bugreport.java.com/bugreport/crash.jsp
# The crash happened outside the Java Virtual Machine in native code.
# See problematic frame for where to report the bug.
#

---------------  T H R E A D  ---------------

Current thread (0x00007f501c26e000):  JavaThread "AWT-XAWT" daemon [_thread_in_native, id=22438, stack(0x00007f50037d8000,0x00007f50038d9000)]

siginfo: si_signo: 11 (SIGSEGV), si_code: 1 (SEGV_MAPERR), si_addr: 0x0000000000000000

Registers:
RAX=0x00007f50243364c0, RBX=0x00007f501c26e1f8, RCX=0x00007f5024d9e2c0, RDX=0x0000000000000042
RSP=0x00007f50038d77b8, RBP=0x00007f50038d77e0, RSI=0x0000000000000000, RDI=0x00007f501c26e1f8
R8 =0x00000000e6c69850, R9 =0x0000000000000000, R10=0x0000000000000028, R11=0x00007f500d305098
R12=0x00007f4fc40a5ca0, R13=0x0000000000000000, R14=0x00007f50096ca820, R15=0x00007f501c26e000
RIP=0x00007f500d069cba, EFLAGS=0x0000000000010246, CSGSFS=0x002b000000000033, ERR=0x0000000000000004
  TRAPNO=0x000000000000000e

Top of Stack: (sp=0x00007f50038d77b8)
0x00007f50038d77b8:   00007f50094a9001 00007f5020f86580
0x00007f50038d77c8:   00007f4fc40a5ca0 00007f50038d7890
0x00007f50038d77d8:   00007f50038d7860 0000000000000000
0x00007f50038d77e8:   00007f5008f8a3c0 00007f5020f86580
0x00007f50038d77f8:   00007f50038d7820 0000000000000000
0x00007f50038d7808:   00007f5008f81f93 00007f50038d7890
0x00007f50038d7818:   00007f50094a223f 00007f50038d7870
0x00007f50038d7828:   00007f500d305136 0000000000000000
0x00007f50038d7838:   00007f500d27ed36 00007f50038d7890
0x00007f50038d7848:   00007f500d15faec 00000000e6f0a820
0x00007f50038d7858:   00007f500d2d5d34 00000000e6e60ec0
0x00007f50038d7868:   00000000e6e601e8 00007f50038d78f0
0x00007f50038d7878:   00007f500d007a90 00007f50038d78f0
0x00007f50038d7888:   00007f500d007a90 0000000000000000
0x00007f50038d7898:   00007f500d007dd0 00007f4fcc000e30
0x00007f50038d78a8:   00000000e6f0a820 00007f50038d78b0
0x00007f50038d78b8:   00007f5020f65bcc 00007f50038d7938
0x00007f50038d78c8:   00007f5020f6f028 0000000000000000
0x00007f50038d78d8:   00007f5020f65d08 00007f50038d7890
0x00007f50038d78e8:   00007f50038d7930 00007f50038d7980
0x00007f50038d78f8:   00007f500d0082bd 0000000000000000
0x00007f50038d7908:   00000000e71e66d0 00000000e7090b98
0x00007f50038d7918:   0000000000000000 0000000000000000
0x00007f50038d7928:   00000000e6f0a820 0000000000000000
0x00007f50038d7938:   00000000e6e96a20 00007f50038d7940
0x00007f50038d7948:   00007f5020f65a0d 00007f50038d7990
0x00007f50038d7958:   00007f5020f6f028 0000000000000000
0x00007f50038d7968:   00007f5020f65a18 00007f50038d7930
0x00007f50038d7978:   00007f50038d7990 00007f50038d79d8
0x00007f50038d7988:   00007f500d008302 00000000e6e96a20
0x00007f50038d7998:   00007f50038d7998 00007f5020b1753b
0x00007f50038d79a8:   00007f50038d79e8 00007f5020b9ef88 

Instructions: (pc=0x00007f500d069cba)
0x00007f500d069c9a:   00 00 00 00 00 00 44 8b 15 41 c3 30 17 4c 8b ce
0x00007f500d069caa:   41 f6 c2 01 0f 85 2e 00 00 00 4d 33 ca 4d 33 ca
0x00007f500d069cba:   4d 8b 09 4c 8b da 49 c1 eb 02 4b 8b 04 19 49 bb
0x00007f500d069cca:   e8 5f 37 24 50 7f 00 00 4c 33 d8 4c 33 d8 45 3b 

Register to memory mapping:

RAX=0x00007f50243364c0: <offset 0xf914c0> in /usr/local/jdk1.8.0_171/jre/lib/amd64/server/libjvm.so at 0x00007f50233a5000
RBX=0x00007f501c26e1f8 is an unknown value
RCX=0x00007f5024d9e2c0: <offset 0x2182c0> in /lib/x86_64-linux-gnu/libpthread.so.0 at 0x00007f5024b86000
RDX=0x0000000000000042 is an unknown value
RSP=0x00007f50038d77b8 is pointing into the stack for thread: 0x00007f501c26e000
RBP=0x00007f50038d77e0 is pointing into the stack for thread: 0x00007f501c26e000
RSI=0x0000000000000000 is an unknown value
RDI=0x00007f501c26e1f8 is an unknown value
R8 =0x00000000e6c69850 is an oop
sun.util.logging.PlatformLogger$Level 
 - klass: 'sun/util/logging/PlatformLogger$Level'
R9 =0x0000000000000000 is an unknown value
R10=0x0000000000000028 is an unknown value
R11=0x00007f500d305098 is at entry_point+24 in (nmethod*)0x00007f500d304f10
R12=0x00007f4fc40a5ca0 is an unknown value
R13=0x0000000000000000 is an unknown value
R14=0x00007f50096ca820: <offset 0x258820> in /usr/local/jdk1.8.0_171/jre/lib/amd64/libawt_xawt.so at 0x00007f5009472000
R15=0x00007f501c26e000 is a thread


Stack: [0x00007f50037d8000,0x00007f50038d9000],  sp=0x00007f50038d77b8,  free space=1021k
Native frames: (J=compiled Java code, j=interpreted, Vv=VM code, C=native code)
v  ~BufferBlob::jni_fast_GetLongField
C  [libX11.so.6+0x643c0]  _XimServerDestroy+0x70

Java frames: (J=compiled Java code, j=interpreted, Vv=VM code)
J 893  sun.awt.X11.XlibWrapper.XFilterEvent(JJ)Z (0 bytes) @ 0x00007f500d3050c4 [0x00007f500d305080+0x44]
j  sun.awt.X11.XToolkit.run(Z)V+300
j  sun.awt.X11.XToolkit.run()V+5
j  java.lang.Thread.run()V+11
v  ~StubRoutines::call_stub

---------------  P R O C E S S  ---------------

Java Threads: ( => current thread )
  0x00007f4fd0001000 JavaThread "XToolkt-Shutdown-Thread" [_thread_blocked, id=28359, stack(0x00007f4fcb250000,0x00007f4fcb351000)]
  0x00007f4fe4002000 JavaThread "SIGTERM handler" daemon [_thread_blocked, id=28358, stack(0x00007f50001ad000,0x00007f50002ae000)]
  0x00007f4fe4001000 JavaThread "SIGHUP handler" daemon [_thread_blocked, id=28357, stack(0x00007f50002ae000,0x00007f50003af000)]
  0x00007f4fc40c4000 JavaThread "TimerQueue" daemon [_thread_blocked, id=22443, stack(0x00007f4fcb551000,0x00007f4fcb652000)]
  0x00007f4fc407b000 JavaThread "Thread-1" [_thread_in_Java, id=22441, stack(0x00007f4fcb87f000,0x00007f4fcb980000)]
  0x00007f501c00a800 JavaThread "DestroyJavaVM" [_thread_blocked, id=22425, stack(0x00007f5024ea4000,0x00007f5024fa5000)]
=>0x00007f501c26e000 JavaThread "AWT-XAWT" daemon [_thread_in_native, id=22438, stack(0x00007f50037d8000,0x00007f50038d9000)]
  0x00007f501c251000 JavaThread "Java2D Disposer" daemon [_thread_blocked, id=22437, stack(0x00007f5003ce9000,0x00007f5003dea000)]
  0x00007f501c0bd800 JavaThread "Service Thread" daemon [_thread_blocked, id=22435, stack(0x00007f5009a9e000,0x00007f5009b9f000)]
  0x00007f501c0ba800 JavaThread "C1 CompilerThread1" daemon [_thread_blocked, id=22434, stack(0x00007f5009b9f000,0x00007f5009ca0000)]
  0x00007f501c0b7800 JavaThread "C2 CompilerThread0" daemon [_thread_blocked, id=22433, stack(0x00007f5009ca0000,0x00007f5009da1000)]
  0x00007f501c0b6000 JavaThread "Signal Dispatcher" daemon [_thread_blocked, id=22432, stack(0x00007f5009da1000,0x00007f5009ea2000)]
  0x00007f501c082800 JavaThread "Finalizer" daemon [_thread_blocked, id=22431, stack(0x00007f500a2f8000,0x00007f500a3f9000)]
  0x00007f501c07e000 JavaThread "Reference Handler" daemon [_thread_blocked, id=22430, stack(0x00007f500a3f9000,0x00007f500a4fa000)]

Other Threads:
  0x00007f501c076000 VMThread [stack: 0x00007f500a4fa000,0x00007f500a5fb000] [id=22429]
  0x00007f501c0c2000 WatcherThread [stack: 0x00007f500999d000,0x00007f5009a9e000] [id=22436]

VM state:not at safepoint (normal execution)

VM Mutex/Monitor currently owned by a thread: None

Heap:
 PSYoungGen      total 22528K, used 15180K [0x00000000e6c00000, 0x00000000e8500000, 0x0000000100000000)
  eden space 19456K, 78% used [0x00000000e6c00000,0x00000000e7ad33d0,0x00000000e7f00000)
  from space 3072K, 0% used [0x00000000e8200000,0x00000000e8200000,0x00000000e8500000)
  to   space 3072K, 0% used [0x00000000e7f00000,0x00000000e7f00000,0x00000000e8200000)
 ParOldGen       total 52224K, used 0K [0x00000000b4400000, 0x00000000b7700000, 0x00000000e6c00000)
  object space 52224K, 0% used [0x00000000b4400000,0x00000000b4400000,0x00000000b7700000)
 Metaspace       used 14440K, capacity 14668K, committed 14976K, reserved 1062912K
  class space    used 1770K, capacity 1862K, committed 1920K, reserved 1048576K

Card table byte_map: [0x00007f50219de000,0x00007f5021c3d000] byte_map_base: 0x00007f502143c000

Marking Bits: (ParMarkBitMap*) 0x00007f5024375280
 Begin Bits: [0x00007f500aa20000, 0x00007f500bd10000)
 End Bits:   [0x00007f500bd10000, 0x00007f500d000000)

Polling page: 0x00007f5024fc6000

CodeCache: size=245760Kb used=4625Kb max_used=4632Kb free=241134Kb
 bounds [0x00007f500d000000, 0x00007f500d490000, 0x00007f501c000000]
 total_blobs=1882 nmethods=1326 adapters=469
 compilation: enabled

Compilation events (10 events):
Event: 8151,504 Thread 0x00007f501c0b7800 1322       4       java.util.TreeMap::getEntry (84 bytes)
Event: 8151,509 Thread 0x00007f501c0b7800 nmethod 1322 0x00007f500d47e350 code [0x00007f500d47e4a0, 0x00007f500d47e618]
Event: 8161,247 Thread 0x00007f501c0b7800 1323   !   4       sun.awt.X11.XToolkit::windowToXWindow (27 bytes)
Event: 8161,284 Thread 0x00007f501c0b7800 nmethod 1323 0x00007f500d4839d0 code [0x00007f500d483b60, 0x00007f500d484098]
Event: 8523,219 Thread 0x00007f501c0ba800 1324       3       sun.awt.X11.XClientMessageEvent::get_message_type (20 bytes)
Event: 8523,220 Thread 0x00007f501c0ba800 nmethod 1324 0x00007f500d483290 code [0x00007f500d483420, 0x00007f500d4837e8]
Event: 19953,699 Thread 0x00007f501c0b7800 1325       4       sun.awt.X11.XEvent::get_xany (22 bytes)
Event: 19953,704 Thread 0x00007f501c0b7800 nmethod 1325 0x00007f500d487550 code [0x00007f500d4876e0, 0x00007f500d487a18]
Event: 20798,293 Thread 0x00007f501c0ba800 1326       3       sun.awt.XSettings$Update::needBytes (65 bytes)
Event: 20798,294 Thread 0x00007f501c0ba800 nmethod 1326 0x00007f500d4860d0 code [0x00007f500d486320, 0x00007f500d486fd8]

GC Heap History (0 events):
No events

Deoptimization events (10 events):
Event: 1,245 Thread 0x00007f501c2a5000 Uncommon trap: reason=class_check action=maybe_recompile pc=0x00007f500d1f5820 method=java.util.HashMap.putVal(ILjava/lang/Object;Ljava/lang/Object;ZZ)Ljava/lang/Object; @ 253
Event: 1,623 Thread 0x00007f4fc407b000 Uncommon trap: reason=null_check action=maybe_recompile pc=0x00007f500d268c14 method=chatclient.Client.GetCommandCode()I @ 6
Event: 1,623 Thread 0x00007f4fc407b000 Uncommon trap: reason=null_check action=maybe_recompile pc=0x00007f500d268c14 method=chatclient.Client.GetCommandCode()I @ 6
Event: 1,623 Thread 0x00007f4fc407b000 Uncommon trap: reason=null_check action=maybe_recompile pc=0x00007f500d268c14 method=chatclient.Client.GetCommandCode()I @ 6
Event: 1,623 Thread 0x00007f4fc407b000 Uncommon trap: reason=null_check action=maybe_recompile pc=0x00007f500d268c14 method=chatclient.Client.GetCommandCode()I @ 6
Event: 3,722 Thread 0x00007f501c2a5000 Uncommon trap: reason=unstable_if action=reinterpret pc=0x00007f500d20e19c method=java.util.HashMap.putVal(ILjava/lang/Object;Ljava/lang/Object;ZZ)Ljava/lang/Object; @ 109
Event: 4,520 Thread 0x00007f501c2a5000 Uncommon trap: reason=class_check action=maybe_recompile pc=0x00007f500d16e628 method=java.lang.String.equals(Ljava/lang/Object;)Z @ 8
Event: 4,520 Thread 0x00007f501c2a5000 Uncommon trap: reason=class_check action=maybe_recompile pc=0x00007f500d16e628 method=java.lang.String.equals(Ljava/lang/Object;)Z @ 8
Event: 4,683 Thread 0x00007f501c2a5000 Uncommon trap: reason=class_check action=maybe_recompile pc=0x00007f500d16e628 method=java.lang.String.equals(Ljava/lang/Object;)Z @ 8
Event: 4,683 Thread 0x00007f501c2a5000 Uncommon trap: reason=class_check action=maybe_recompile pc=0x00007f500d16e628 method=java.lang.String.equals(Ljava/lang/Object;)Z @ 8

Classes redefined (0 events):
No events

Internal exceptions (10 events):
Event: 1,629 Thread 0x00007f4fc407b000 Exception <a 'java/lang/NullPointerException'> (0x00000000e7573a58) thrown at [/HUDSON/workspace/8-2-build-linux-amd64/jdk8u171/10807/hotspot/src/share/vm/interpreter/linkResolver.cpp, line 1185]
Event: 1,629 Thread 0x00007f4fc407b000 Exception <a 'java/lang/NullPointerException'> (0x00000000e7573c60) thrown at [/HUDSON/workspace/8-2-build-linux-amd64/jdk8u171/10807/hotspot/src/share/vm/interpreter/linkResolver.cpp, line 1185]
Event: 1,629 Thread 0x00007f4fc407b000 Exception <a 'java/lang/NullPointerException'> (0x00000000e7573e68) thrown at [/HUDSON/workspace/8-2-build-linux-amd64/jdk8u171/10807/hotspot/src/share/vm/interpreter/linkResolver.cpp, line 1185]
Event: 1,629 Thread 0x00007f4fc407b000 Exception <a 'java/lang/NullPointerException'> (0x00000000e7574070) thrown at [/HUDSON/workspace/8-2-build-linux-amd64/jdk8u171/10807/hotspot/src/share/vm/interpreter/linkResolver.cpp, line 1185]
Event: 1,629 Thread 0x00007f4fc407b000 Exception <a 'java/lang/NullPointerException'> (0x00000000e7574278) thrown at [/HUDSON/workspace/8-2-build-linux-amd64/jdk8u171/10807/hotspot/src/share/vm/interpreter/linkResolver.cpp, line 1185]
Event: 1,629 Thread 0x00007f4fc407b000 Exception <a 'java/lang/NullPointerException'> (0x00000000e7574480) thrown at [/HUDSON/workspace/8-2-build-linux-amd64/jdk8u171/10807/hotspot/src/share/vm/interpreter/linkResolver.cpp, line 1185]
Event: 1,629 Thread 0x00007f4fc407b000 Exception <a 'java/lang/NullPointerException'> (0x00000000e7574688) thrown at [/HUDSON/workspace/8-2-build-linux-amd64/jdk8u171/10807/hotspot/src/share/vm/interpreter/linkResolver.cpp, line 1185]
Event: 1,692 Thread 0x00007f501c2a5000 Exception <a 'java/lang/UnsupportedOperationException': > (0x00000000e72618c0) thrown at [/HUDSON/workspace/8-2-build-linux-amd64/jdk8u171/10807/hotspot/src/share/vm/prims/jni.cpp, line 735]
Event: 3,884 Thread 0x00007f501c2a5000 Exception <a 'java/lang/UnsupportedOperationException': > (0x00000000e75ec080) thrown at [/HUDSON/workspace/8-2-build-linux-amd64/jdk8u171/10807/hotspot/src/share/vm/prims/jni.cpp, line 735]
Event: 12,264 Thread 0x00007f501c2a5000 Exception <a 'java/lang/UnsupportedOperationException': > (0x00000000e7738418) thrown at [/HUDSON/workspace/8-2-build-linux-amd64/jdk8u171/10807/hotspot/src/share/vm/prims/jni.cpp, line 735]

Events (10 events):
Event: 20715,911 loading class sun/awt/X11/XkbAnyEvent done
Event: 20798,293 loading class sun/awt/X11/XAWTXSettings$1
Event: 20798,334 loading class sun/awt/X11/XAWTXSettings$1 done
Event: 20798,334 Thread 0x00007f4fcc00f800 Thread added: 0x00007f4fcc00f800
Event: 20798,335 Thread 0x00007f4fcc010800 Thread added: 0x00007f4fcc010800
Event: 20799,336 Executing VM operation: RevokeBias
Event: 20799,337 Executing VM operation: RevokeBias done
Event: 20799,337 Thread 0x00007f4fcc00f800 Thread exited: 0x00007f4fcc00f800
Event: 20799,337 Thread 0x00007f4fcc010800 Thread exited: 0x00007f4fcc010800
Event: 20800,715 loading class sun/misc/Signal$1


Dynamic libraries:
00400000-00401000 r-xp 00000000 08:01 412395                             /usr/local/jdk1.8.0_171/jre/bin/java
00600000-00601000 rw-p 00000000 08:01 412395                             /usr/local/jdk1.8.0_171/jre/bin/java
0221c000-0223d000 rw-p 00000000 00:00 0                                  [heap]
b4400000-b7700000 rw-p 00000000 00:00 0 
b7700000-e6c00000 ---p 00000000 00:00 0 
e6c00000-e8500000 rw-p 00000000 00:00 0 
e8500000-100000000 ---p 00000000 00:00 0 
100000000-1001e0000 rw-p 00000000 00:00 0 
1001e0000-140000000 ---p 00000000 00:00 0 
7f4fb8000000-7f4fb8021000 rw-p 00000000 00:00 0 
7f4fb8021000-7f4fbc000000 ---p 00000000 00:00 0 
7f4fbc000000-7f4fbc021000 rw-p 00000000 00:00 0 
7f4fbc021000-7f4fc0000000 ---p 00000000 00:00 0 
7f4fc0000000-7f4fc0021000 rw-p 00000000 00:00 0 
7f4fc0021000-7f4fc4000000 ---p 00000000 00:00 0 
7f4fc4000000-7f4fc40e8000 rw-p 00000000 00:00 0 
7f4fc40e8000-7f4fc8000000 ---p 00000000 00:00 0 
7f4fcb250000-7f4fcb253000 ---p 00000000 00:00 0 
7f4fcb253000-7f4fcb411000 rw-p 00000000 00:00 0 
7f4fcb411000-7f4fcb551000 ---p 00000000 00:00 0 
7f4fcb551000-7f4fcb554000 ---p 00000000 00:00 0 
7f4fcb554000-7f4fcb652000 rw-p 00000000 00:00 0 
7f4fcb652000-7f4fcb67c000 r-xp 00000000 08:01 412213                     /usr/local/jdk1.8.0_171/jre/lib/amd64/libdcpr.so
7f4fcb67c000-7f4fcb87c000 ---p 0002a000 08:01 412213                     /usr/local/jdk1.8.0_171/jre/lib/amd64/libdcpr.so
7f4fcb87c000-7f4fcb87f000 rw-p 0002a000 08:01 412213                     /usr/local/jdk1.8.0_171/jre/lib/amd64/libdcpr.so
7f4fcb87f000-7f4fcb882000 ---p 00000000 00:00 0 
7f4fcb882000-7f4fcb980000 rw-p 00000000 00:00 0 
7f4fcb980000-7f4fcb9ea000 r-xp 00000000 08:01 412244                     /usr/local/jdk1.8.0_171/jre/lib/amd64/libt2k.so
7f4fcb9ea000-7f4fcbbe9000 ---p 0006a000 08:01 412244                     /usr/local/jdk1.8.0_171/jre/lib/amd64/libt2k.so
7f4fcbbe9000-7f4fcbbf0000 rw-p 00069000 08:01 412244                     /usr/local/jdk1.8.0_171/jre/lib/amd64/libt2k.so
7f4fcbbf0000-7f4fcbe00000 rw-p 00000000 00:00 0 
7f4fcbe00000-7f4fcc000000 rw-p 00000000 00:00 0 
7f4fcc000000-7f4fcc295000 rw-p 00000000 00:00 0 
7f4fcc295000-7f4fd0000000 ---p 00000000 00:00 0 
7f4fd0000000-7f4fd0021000 rw-p 00000000 00:00 0 
7f4fd0021000-7f4fd4000000 ---p 00000000 00:00 0 
7f4fd4000000-7f4fd4021000 rw-p 00000000 00:00 0 
7f4fd4021000-7f4fd8000000 ---p 00000000 00:00 0 
7f4fd8000000-7f4fd8021000 rw-p 00000000 00:00 0 
7f4fd8021000-7f4fdc000000 ---p 00000000 00:00 0 
7f4fdc000000-7f4fdc7ab000 rw-p 00000000 00:00 0 
7f4fdc7ab000-7f4fe0000000 ---p 00000000 00:00 0 
7f4fe0000000-7f4fe0021000 rw-p 00000000 00:00 0 
7f4fe0021000-7f4fe4000000 ---p 00000000 00:00 0 
7f4fe4000000-7f4fe4021000 rw-p 00000000 00:00 0 
7f4fe4021000-7f4fe8000000 ---p 00000000 00:00 0 
7f4fe8000000-7f4fe8154000 rw-p 00000000 00:00 0 
7f4fe8154000-7f4fec000000 ---p 00000000 00:00 0 
7f4fec000000-7f4fec021000 rw-p 00000000 00:00 0 
7f4fec021000-7f4ff0000000 ---p 00000000 00:00 0 
7f4ff0000000-7f4ff0021000 rw-p 00000000 00:00 0 
7f4ff0021000-7f4ff4000000 ---p 00000000 00:00 0 
7f4ff4000000-7f4ff4021000 rw-p 00000000 00:00 0 
7f4ff4021000-7f4ff8000000 ---p 00000000 00:00 0 
7f4ff8000000-7f4ff8021000 rw-p 00000000 00:00 0 
7f4ff8021000-7f4ffc000000 ---p 00000000 00:00 0 
7f4ffc000000-7f4ffc021000 rw-p 00000000 00:00 0 
7f4ffc021000-7f5000000000 ---p 00000000 00:00 0 
7f50000c8000-7f50000d3000 r--s 00000000 08:01 662811                     /var/cache/fontconfig/945677eb7aeaf62f1d50efc3fb3ec7d8-le64.cache-6
7f50001ad000-7f50001b0000 ---p 00000000 00:00 0 
7f50001b0000-7f50002ae000 rw-p 00000000 00:00 0 
7f50002ae000-7f50002b1000 ---p 00000000 00:00 0 
7f50002b1000-7f50003af000 rw-p 00000000 00:00 0 
7f50003af000-7f50003c0000 r-xp 00000000 08:01 412242                     /usr/local/jdk1.8.0_171/jre/lib/amd64/libnio.so
7f50003c0000-7f50005bf000 ---p 00011000 08:01 412242                     /usr/local/jdk1.8.0_171/jre/lib/amd64/libnio.so
7f50005bf000-7f50005c0000 rw-p 00010000 08:01 412242                     /usr/local/jdk1.8.0_171/jre/lib/amd64/libnio.so
7f50005c0000-7f50035c1000 rw-p 00000000 00:00 0 
7f50035c1000-7f50035d7000 r-xp 00000000 08:01 412243                     /usr/local/jdk1.8.0_171/jre/lib/amd64/libnet.so
7f50035d7000-7f50037d7000 ---p 00016000 08:01 412243                     /usr/local/jdk1.8.0_171/jre/lib/amd64/libnet.so
7f50037d7000-7f50037d8000 rw-p 00016000 08:01 412243                     /usr/local/jdk1.8.0_171/jre/lib/amd64/libnet.so
7f50037d8000-7f50037db000 ---p 00000000 00:00 0 
7f50037db000-7f50038d9000 rw-p 00000000 00:00 0 
7f50038d9000-7f50038de000 r-xp 00000000 08:01 1580539                    /usr/lib/x86_64-linux-gnu/libXfixes.so.3.1.0
7f50038de000-7f5003add000 ---p 00005000 08:01 1580539                    /usr/lib/x86_64-linux-gnu/libXfixes.so.3.1.0
7f5003add000-7f5003ade000 r--p 00004000 08:01 1580539                    /usr/lib/x86_64-linux-gnu/libXfixes.so.3.1.0
7f5003ade000-7f5003adf000 rw-p 00005000 08:01 1580539                    /usr/lib/x86_64-linux-gnu/libXfixes.so.3.1.0
7f5003adf000-7f5003ae8000 r-xp 00000000 08:01 1579456                    /usr/lib/x86_64-linux-gnu/libXcursor.so.1.0.2
7f5003ae8000-7f5003ce7000 ---p 00009000 08:01 1579456                    /usr/lib/x86_64-linux-gnu/libXcursor.so.1.0.2
7f5003ce7000-7f5003ce8000 r--p 00008000 08:01 1579456                    /usr/lib/x86_64-linux-gnu/libXcursor.so.1.0.2
7f5003ce8000-7f5003ce9000 rw-p 00009000 08:01 1579456                    /usr/lib/x86_64-linux-gnu/libXcursor.so.1.0.2
7f5003ce9000-7f5003cec000 ---p 00000000 00:00 0 
7f5003cec000-7f5003dea000 rw-p 00000000 00:00 0 
7f5003dea000-7f5003e00000 r-xp 00000000 08:01 136335                     /lib/x86_64-linux-gnu/libgcc_s.so.1
7f5003e00000-7f5003fff000 ---p 00016000 08:01 136335                     /lib/x86_64-linux-gnu/libgcc_s.so.1
7f5003fff000-7f5004000000 rw-p 00015000 08:01 136335                     /lib/x86_64-linux-gnu/libgcc_s.so.1
7f5004000000-7f5004021000 rw-p 00000000 00:00 0 
7f5004021000-7f5008000000 ---p 00000000 00:00 0 
7f5008006000-7f5008007000 r--s 00000000 08:01 664082                     /var/cache/fontconfig/087e1975ba9a574b140bb1df193bf770-le64.cache-6
7f5008007000-7f500800d000 r--s 00000000 08:01 662793                     /var/cache/fontconfig/2cd17615ca594fa2959ae173292e504c-le64.cache-6
7f500800d000-7f500800e000 r--s 00000000 08:01 662790                     /var/cache/fontconfig/0d8c3b2ac0904cb8a57a757ad11a4a08-le64.cache-6
7f500800e000-7f5008023000 r--s 00000000 08:01 662787                     /var/cache/fontconfig/04aabc0a78ac019cf9454389977116d2-le64.cache-6
7f5008023000-7f5008024000 r--s 00000000 08:01 662792                     /var/cache/fontconfig/1ac9eb803944fde146138c791f5cc56a-le64.cache-6
7f5008024000-7f5008028000 r--s 00000000 08:01 662797                     /var/cache/fontconfig/385c0604a188198f04d133e54aba7fe7-le64.cache-6
7f5008028000-7f5008029000 r--s 00000000 08:01 662824                     /var/cache/fontconfig/dc05db6664285cc2f12bf69c139ae4c3-le64.cache-6
7f5008029000-7f500802c000 r--s 00000000 08:01 662807                     /var/cache/fontconfig/767a8244fc0220cfb567a839d0392e0b-le64.cache-6
7f500802c000-7f500802d000 r--s 00000000 08:01 655073                     /var/cache/fontconfig/4794a0821666d79190d59a36cb4f44b5-le64.cache-6
7f500802d000-7f5008032000 r--s 00000000 08:01 662810                     /var/cache/fontconfig/8801497958630a81b71ace7c5f9b32a8-le64.cache-6
7f5008032000-7f5008033000 r--s 00000000 08:01 662817                     /var/cache/fontconfig/bab58bb527bb656aaa9f116d68a48d89-le64.cache-6
7f5008033000-7f500803a000 r--s 00000000 08:01 662794                     /var/cache/fontconfig/3047814df9a2f067bd2d96a2b9c36e5a-le64.cache-6
7f500803a000-7f5008042000 r--s 00000000 08:01 664081                     /var/cache/fontconfig/bf3b770c553c462765856025a94f1ce6-le64.cache-6
7f5008042000-7f5008043000 r--s 00000000 08:01 662801                     /var/cache/fontconfig/56cf4f4769d0f4abc89a4895d7bd3ae1-le64.cache-6
7f5008043000-7f5008056000 r--s 00000000 08:01 662821                     /var/cache/fontconfig/d52a8644073d54c13679302ca1180695-le64.cache-6
7f5008056000-7f5008061000 r--s 00000000 08:01 663399                     /var/cache/fontconfig/d589a48862398ed80a3d6066f4f56f4c-le64.cache-6
7f5008061000-7f50080c6000 r-xp 00000000 08:01 412085                     /usr/local/jdk1.8.0_171/jre/lib/amd64/libfontmanager.so
7f50080c6000-7f50082c5000 ---p 00065000 08:01 412085                     /usr/local/jdk1.8.0_171/jre/lib/amd64/libfontmanager.so
7f50082c5000-7f50082ca000 rw-p 00064000 08:01 412085                     /usr/local/jdk1.8.0_171/jre/lib/amd64/libfontmanager.so
7f50082ca000-7f50082da000 rw-p 00000000 00:00 0 
7f50082da000-7f50082df000 r-xp 00000000 08:01 1580535                    /usr/lib/x86_64-linux-gnu/libXdmcp.so.6.0.0
7f50082df000-7f50084de000 ---p 00005000 08:01 1580535                    /usr/lib/x86_64-linux-gnu/libXdmcp.so.6.0.0
7f50084de000-7f50084df000 r--p 00004000 08:01 1580535                    /usr/lib/x86_64-linux-gnu/libXdmcp.so.6.0.0
7f50084df000-7f50084e0000 rw-p 00005000 08:01 1580535                    /usr/lib/x86_64-linux-gnu/libXdmcp.so.6.0.0
7f50084e0000-7f50084e2000 r-xp 00000000 08:01 1580524                    /usr/lib/x86_64-linux-gnu/libXau.so.6.0.0
7f50084e2000-7f50086e2000 ---p 00002000 08:01 1580524                    /usr/lib/x86_64-linux-gnu/libXau.so.6.0.0
7f50086e2000-7f50086e3000 r--p 00002000 08:01 1580524                    /usr/lib/x86_64-linux-gnu/libXau.so.6.0.0
7f50086e3000-7f50086e4000 rw-p 00003000 08:01 1580524                    /usr/lib/x86_64-linux-gnu/libXau.so.6.0.0
7f50086e4000-7f5008705000 r-xp 00000000 08:01 1581933                    /usr/lib/x86_64-linux-gnu/libxcb.so.1.1.0
7f5008705000-7f5008904000 ---p 00021000 08:01 1581933                    /usr/lib/x86_64-linux-gnu/libxcb.so.1.1.0
7f5008904000-7f5008905000 r--p 00020000 08:01 1581933                    /usr/lib/x86_64-linux-gnu/libxcb.so.1.1.0
7f5008905000-7f5008906000 rw-p 00021000 08:01 1581933                    /usr/lib/x86_64-linux-gnu/libxcb.so.1.1.0
7f5008906000-7f5008915000 r-xp 00000000 08:01 1580545                    /usr/lib/x86_64-linux-gnu/libXi.so.6.1.0
7f5008915000-7f5008b14000 ---p 0000f000 08:01 1580545                    /usr/lib/x86_64-linux-gnu/libXi.so.6.1.0
7f5008b14000-7f5008b15000 r--p 0000e000 08:01 1580545                    /usr/lib/x86_64-linux-gnu/libXi.so.6.1.0
7f5008b15000-7f5008b16000 rw-p 0000f000 08:01 1580545                    /usr/lib/x86_64-linux-gnu/libXi.so.6.1.0
7f5008b16000-7f5008b1b000 r-xp 00000000 08:01 1580563                    /usr/lib/x86_64-linux-gnu/libXtst.so.6.1.0
7f5008b1b000-7f5008d1a000 ---p 00005000 08:01 1580563                    /usr/lib/x86_64-linux-gnu/libXtst.so.6.1.0
7f5008d1a000-7f5008d1b000 r--p 00004000 08:01 1580563                    /usr/lib/x86_64-linux-gnu/libXtst.so.6.1.0
7f5008d1b000-7f5008d1c000 rw-p 00005000 08:01 1580563                    /usr/lib/x86_64-linux-gnu/libXtst.so.6.1.0
7f5008d1c000-7f5008d25000 r-xp 00000000 08:01 1580557                    /usr/lib/x86_64-linux-gnu/libXrender.so.1.3.0
7f5008d25000-7f5008f24000 ---p 00009000 08:01 1580557                    /usr/lib/x86_64-linux-gnu/libXrender.so.1.3.0
7f5008f24000-7f5008f25000 r--p 00008000 08:01 1580557                    /usr/lib/x86_64-linux-gnu/libXrender.so.1.3.0
7f5008f25000-7f5008f26000 rw-p 00009000 08:01 1580557                    /usr/lib/x86_64-linux-gnu/libXrender.so.1.3.0
7f5008f26000-7f500905b000 r-xp 00000000 08:01 1580520                    /usr/lib/x86_64-linux-gnu/libX11.so.6.3.0
7f500905b000-7f500925b000 ---p 00135000 08:01 1580520                    /usr/lib/x86_64-linux-gnu/libX11.so.6.3.0
7f500925b000-7f500925c000 r--p 00135000 08:01 1580520                    /usr/lib/x86_64-linux-gnu/libX11.so.6.3.0
7f500925c000-7f5009260000 rw-p 00136000 08:01 1580520                    /usr/lib/x86_64-linux-gnu/libX11.so.6.3.0
7f5009260000-7f5009271000 r-xp 00000000 08:01 1580537                    /usr/lib/x86_64-linux-gnu/libXext.so.6.4.0
7f5009271000-7f5009470000 ---p 00011000 08:01 1580537                    /usr/lib/x86_64-linux-gnu/libXext.so.6.4.0
7f5009470000-7f5009471000 r--p 00010000 08:01 1580537                    /usr/lib/x86_64-linux-gnu/libXext.so.6.4.0
7f5009471000-7f5009472000 rw-p 00011000 08:01 1580537                    /usr/lib/x86_64-linux-gnu/libXext.so.6.4.0
7f5009472000-7f50094c6000 r-xp 00000000 08:01 412136                     /usr/local/jdk1.8.0_171/jre/lib/amd64/libawt_xawt.so
7f50094c6000-7f50096c6000 ---p 00054000 08:01 412136                     /usr/local/jdk1.8.0_171/jre/lib/amd64/libawt_xawt.so
7f50096c6000-7f50096ca000 rw-p 00054000 08:01 412136                     /usr/local/jdk1.8.0_171/jre/lib/amd64/libawt_xawt.so
7f50096ca000-7f50096cb000 rw-p 00000000 00:00 0 
7f50096cb000-7f500976d000 r-xp 00000000 08:01 412245                     /usr/local/jdk1.8.0_171/jre/lib/amd64/libawt.so
7f500976d000-7f500996d000 ---p 000a2000 08:01 412245                     /usr/local/jdk1.8.0_171/jre/lib/amd64/libawt.so
7f500996d000-7f5009979000 rw-p 000a2000 08:01 412245                     /usr/local/jdk1.8.0_171/jre/lib/amd64/libawt.so
7f5009979000-7f500999d000 rw-p 00000000 00:00 0 
7f500999d000-7f500999e000 ---p 00000000 00:00 0 
7f500999e000-7f5009a9e000 rw-p 00000000 00:00 0 
7f5009a9e000-7f5009aa1000 ---p 00000000 00:00 0 
7f5009aa1000-7f5009b9f000 rw-p 00000000 00:00 0 
7f5009b9f000-7f5009ba2000 ---p 00000000 00:00 0 
7f5009ba2000-7f5009ca0000 rw-p 00000000 00:00 0 
7f5009ca0000-7f5009ca3000 ---p 00000000 00:00 0 
7f5009ca3000-7f5009da1000 rw-p 00000000 00:00 0 
7f5009da1000-7f5009da4000 ---p 00000000 00:00 0 
7f5009da4000-7f5009ea2000 rw-p 00000000 00:00 0 
7f5009ea2000-7f500a2f8000 r--p 00000000 08:01 1576793                    /usr/lib/locale/locale-archive
7f500a2f8000-7f500a2fb000 ---p 00000000 00:00 0 
7f500a2fb000-7f500a3f9000 rw-p 00000000 00:00 0 
7f500a3f9000-7f500a3fc000 ---p 00000000 00:00 0 
7f500a3fc000-7f500a4fa000 rw-p 00000000 00:00 0 
7f500a4fa000-7f500a4fb000 ---p 00000000 00:00 0 
7f500a4fb000-7f500d000000 rw-p 00000000 00:00 0 
7f500d000000-7f500d490000 rwxp 00000000 00:00 0 
7f500d490000-7f501c000000 ---p 00000000 00:00 0 
7f501c000000-7f501c585000 rw-p 00000000 00:00 0 
7f501c585000-7f5020000000 ---p 00000000 00:00 0 
7f5020000000-7f5020899000 rw-p 00000000 00:00 0 
7f5020899000-7f5020a73000 r--s 03d68000 08:01 412374                     /usr/local/jdk1.8.0_171/jre/lib/rt.jar
7f5020a73000-7f5021547000 rw-p 00000000 00:00 0 
7f5021547000-7f5021548000 ---p 00000000 00:00 0 
7f5021548000-7f5021648000 rw-p 00000000 00:00 0 
7f5021648000-7f5021649000 ---p 00000000 00:00 0 
7f5021649000-7f5021749000 rw-p 00000000 00:00 0 
7f5021749000-7f502174a000 ---p 00000000 00:00 0 
7f502174a000-7f5021864000 rw-p 00000000 00:00 0 
7f5021864000-7f50219de000 ---p 00000000 00:00 0 
7f50219de000-7f50219f8000 rw-p 00000000 00:00 0 
7f50219f8000-7f5021b72000 ---p 00000000 00:00 0 
7f5021b72000-7f5021b7f000 rw-p 00000000 00:00 0 
7f5021b7f000-7f5021c3c000 ---p 00000000 00:00 0 
7f5021c3c000-7f5021c50000 rw-p 00000000 00:00 0 
7f5021c50000-7f5021ffd000 ---p 00000000 00:00 0 
7f5021ffd000-7f5022018000 r-xp 00000000 08:01 412241                     /usr/local/jdk1.8.0_171/jre/lib/amd64/libzip.so
7f5022018000-7f5022218000 ---p 0001b000 08:01 412241                     /usr/local/jdk1.8.0_171/jre/lib/amd64/libzip.so
7f5022218000-7f5022219000 rw-p 0001b000 08:01 412241                     /usr/local/jdk1.8.0_171/jre/lib/amd64/libzip.so
7f5022219000-7f5022224000 r-xp 00000000 08:01 136950                     /lib/x86_64-linux-gnu/libnss_files-2.23.so
7f5022224000-7f5022423000 ---p 0000b000 08:01 136950                     /lib/x86_64-linux-gnu/libnss_files-2.23.so
7f5022423000-7f5022424000 r--p 0000a000 08:01 136950                     /lib/x86_64-linux-gnu/libnss_files-2.23.so
7f5022424000-7f5022425000 rw-p 0000b000 08:01 136950                     /lib/x86_64-linux-gnu/libnss_files-2.23.so
7f5022425000-7f502242b000 rw-p 00000000 00:00 0 
7f502242b000-7f5022436000 r-xp 00000000 08:01 136954                     /lib/x86_64-linux-gnu/libnss_nis-2.23.so
7f5022436000-7f5022635000 ---p 0000b000 08:01 136954                     /lib/x86_64-linux-gnu/libnss_nis-2.23.so
7f5022635000-7f5022636000 r--p 0000a000 08:01 136954                     /lib/x86_64-linux-gnu/libnss_nis-2.23.so
7f5022636000-7f5022637000 rw-p 0000b000 08:01 136954                     /lib/x86_64-linux-gnu/libnss_nis-2.23.so
7f5022637000-7f502264d000 r-xp 00000000 08:01 136612                     /lib/x86_64-linux-gnu/libnsl-2.23.so
7f502264d000-7f502284c000 ---p 00016000 08:01 136612                     /lib/x86_64-linux-gnu/libnsl-2.23.so
7f502284c000-7f502284d000 r--p 00015000 08:01 136612                     /lib/x86_64-linux-gnu/libnsl-2.23.so
7f502284d000-7f502284e000 rw-p 00016000 08:01 136612                     /lib/x86_64-linux-gnu/libnsl-2.23.so
7f502284e000-7f5022850000 rw-p 00000000 00:00 0 
7f5022850000-7f5022858000 r-xp 00000000 08:01 136945                     /lib/x86_64-linux-gnu/libnss_compat-2.23.so
7f5022858000-7f5022a57000 ---p 00008000 08:01 136945                     /lib/x86_64-linux-gnu/libnss_compat-2.23.so
7f5022a57000-7f5022a58000 r--p 00007000 08:01 136945                     /lib/x86_64-linux-gnu/libnss_compat-2.23.so
7f5022a58000-7f5022a59000 rw-p 00008000 08:01 136945                     /lib/x86_64-linux-gnu/libnss_compat-2.23.so
7f5022a59000-7f5022a84000 r-xp 00000000 08:01 412215                     /usr/local/jdk1.8.0_171/jre/lib/amd64/libjava.so
7f5022a84000-7f5022c83000 ---p 0002b000 08:01 412215                     /usr/local/jdk1.8.0_171/jre/lib/amd64/libjava.so
7f5022c83000-7f5022c85000 rw-p 0002a000 08:01 412215                     /usr/local/jdk1.8.0_171/jre/lib/amd64/libjava.so
7f5022c85000-7f5022c92000 r-xp 00000000 08:01 412178                     /usr/local/jdk1.8.0_171/jre/lib/amd64/libverify.so
7f5022c92000-7f5022e92000 ---p 0000d000 08:01 412178                     /usr/local/jdk1.8.0_171/jre/lib/amd64/libverify.so
7f5022e92000-7f5022e94000 rw-p 0000d000 08:01 412178                     /usr/local/jdk1.8.0_171/jre/lib/amd64/libverify.so
7f5022e94000-7f5022e9b000 r-xp 00000000 08:01 136955                     /lib/x86_64-linux-gnu/librt-2.23.so
7f5022e9b000-7f502309a000 ---p 00007000 08:01 136955                     /lib/x86_64-linux-gnu/librt-2.23.so
7f502309a000-7f502309b000 r--p 00006000 08:01 136955                     /lib/x86_64-linux-gnu/librt-2.23.so
7f502309b000-7f502309c000 rw-p 00007000 08:01 136955                     /lib/x86_64-linux-gnu/librt-2.23.so
7f502309c000-7f50231a4000 r-xp 00000000 08:01 136611                     /lib/x86_64-linux-gnu/libm-2.23.so
7f50231a4000-7f50233a3000 ---p 00108000 08:01 136611                     /lib/x86_64-linux-gnu/libm-2.23.so
7f50233a3000-7f50233a4000 r--p 00107000 08:01 136611                     /lib/x86_64-linux-gnu/libm-2.23.so
7f50233a4000-7f50233a5000 rw-p 00108000 08:01 136611                     /lib/x86_64-linux-gnu/libm-2.23.so
7f50233a5000-7f502407e000 r-xp 00000000 08:01 412096                     /usr/local/jdk1.8.0_171/jre/lib/amd64/server/libjvm.so
7f502407e000-7f502427d000 ---p 00cd9000 08:01 412096                     /usr/local/jdk1.8.0_171/jre/lib/amd64/server/libjvm.so
7f502427d000-7f5024357000 rw-p 00cd8000 08:01 412096                     /usr/local/jdk1.8.0_171/jre/lib/amd64/server/libjvm.so
7f5024357000-7f50243a2000 rw-p 00000000 00:00 0 
7f50243a2000-7f5024562000 r-xp 00000000 08:01 136615                     /lib/x86_64-linux-gnu/libc-2.23.so
7f5024562000-7f5024762000 ---p 001c0000 08:01 136615                     /lib/x86_64-linux-gnu/libc-2.23.so
7f5024762000-7f5024766000 r--p 001c0000 08:01 136615                     /lib/x86_64-linux-gnu/libc-2.23.so
7f5024766000-7f5024768000 rw-p 001c4000 08:01 136615                     /lib/x86_64-linux-gnu/libc-2.23.so
7f5024768000-7f502476c000 rw-p 00000000 00:00 0 
7f502476c000-7f502476f000 r-xp 00000000 08:01 136617                     /lib/x86_64-linux-gnu/libdl-2.23.so
7f502476f000-7f502496e000 ---p 00003000 08:01 136617                     /lib/x86_64-linux-gnu/libdl-2.23.so
7f502496e000-7f502496f000 r--p 00002000 08:01 136617                     /lib/x86_64-linux-gnu/libdl-2.23.so
7f502496f000-7f5024970000 rw-p 00003000 08:01 136617                     /lib/x86_64-linux-gnu/libdl-2.23.so
7f5024970000-7f5024986000 r-xp 00000000 08:01 412156                     /usr/local/jdk1.8.0_171/jre/lib/amd64/jli/libjli.so
7f5024986000-7f5024b85000 ---p 00016000 08:01 412156                     /usr/local/jdk1.8.0_171/jre/lib/amd64/jli/libjli.so
7f5024b85000-7f5024b86000 rw-p 00015000 08:01 412156                     /usr/local/jdk1.8.0_171/jre/lib/amd64/jli/libjli.so
7f5024b86000-7f5024b9e000 r-xp 00000000 08:01 136614                     /lib/x86_64-linux-gnu/libpthread-2.23.so
7f5024b9e000-7f5024d9d000 ---p 00018000 08:01 136614                     /lib/x86_64-linux-gnu/libpthread-2.23.so
7f5024d9d000-7f5024d9e000 r--p 00017000 08:01 136614                     /lib/x86_64-linux-gnu/libpthread-2.23.so
7f5024d9e000-7f5024d9f000 rw-p 00018000 08:01 136614                     /lib/x86_64-linux-gnu/libpthread-2.23.so
7f5024d9f000-7f5024da3000 rw-p 00000000 00:00 0 
7f5024da3000-7f5024dc9000 r-xp 00000000 08:01 136613                     /lib/x86_64-linux-gnu/ld-2.23.so
7f5024dc9000-7f5024dca000 r--s 00000000 08:01 662816                     /var/cache/fontconfig/b9d506c9ac06c20b433354fa67a72993-le64.cache-6
7f5024dca000-7f5024dd0000 r--s 00000000 08:01 662815                     /var/cache/fontconfig/b47c4e1ecd0709278f4910c18777a504-le64.cache-6
7f5024dd0000-7f5024dd1000 r--s 00000000 08:01 662800                     /var/cache/fontconfig/551ecf3b0e8b0bca0f25c0944f561853-le64.cache-6
7f5024dd1000-7f5024dd2000 r--s 00000000 08:01 664080                     /var/cache/fontconfig/8a687c406b77f27d99abfeeba937fcce-le64.cache-6
7f5024dd2000-7f5024dd3000 r--s 00000000 08:01 662795                     /var/cache/fontconfig/30829fa25452a46451e813d634d7f916-le64.cache-6
7f5024dd3000-7f5024dd6000 r--s 00000000 08:01 662806                     /var/cache/fontconfig/75114ca45c98e8a441da0ff356701271-le64.cache-6
7f5024dd6000-7f5024de8000 r--s 00000000 08:01 662813                     /var/cache/fontconfig/9b89f8e3dae116d678bbf48e5f21f69b-le64.cache-6
7f5024de8000-7f5024ea4000 rw-p 00000000 00:00 0 
7f5024ea4000-7f5024ea7000 ---p 00000000 00:00 0 
7f5024ea7000-7f5024fa9000 rw-p 00000000 00:00 0 
7f5024fa9000-7f5024faa000 r--s 00000000 08:01 662789                     /var/cache/fontconfig/0c9eb80ebd1c36541ebe2852d3bb0c49-le64.cache-6
7f5024faa000-7f5024fb5000 r--s 00000000 08:01 662809                     /var/cache/fontconfig/83bf95040141907cd45bb53cf7c1c148-le64.cache-6
7f5024fb5000-7f5024fb6000 r--s 00000000 08:01 664078                     /var/cache/fontconfig/c277e94e32b20404286a1ddafa5a80f0-le64.cache-6
7f5024fb6000-7f5024fb9000 r--s 00000000 08:01 662825                     /var/cache/fontconfig/e13b20fdb08344e0e664864cc2ede53d-le64.cache-6
7f5024fb9000-7f5024fbd000 r--s 00000000 08:01 663400                     /var/cache/fontconfig/7ef2298fde41cc6eeb7af42e48b7d293-le64.cache-6
7f5024fbd000-7f5024fc5000 rw-s 00000000 08:01 1467715                    /tmp/hsperfdata_ubuntu/22421
7f5024fc5000-7f5024fc6000 rw-p 00000000 00:00 0 
7f5024fc6000-7f5024fc7000 r--p 00000000 00:00 0 
7f5024fc7000-7f5024fc8000 rw-p 00000000 00:00 0 
7f5024fc8000-7f5024fc9000 r--p 00025000 08:01 136613                     /lib/x86_64-linux-gnu/ld-2.23.so
7f5024fc9000-7f5024fca000 rw-p 00026000 08:01 136613                     /lib/x86_64-linux-gnu/ld-2.23.so
7f5024fca000-7f5024fcb000 rw-p 00000000 00:00 0 
7ffc8a16c000-7ffc8a18d000 rw-p 00000000 00:00 0                          [stack]
7ffc8a1dd000-7ffc8a1e0000 r--p 00000000 00:00 0                          [vvar]
7ffc8a1e0000-7ffc8a1e2000 r-xp 00000000 00:00 0                          [vdso]
ffffffffff600000-ffffffffff601000 r-xp 00000000 00:00 0                  [vsyscall]

VM Arguments:
jvm_args: -Dfile.encoding=UTF-8 
java_command: chatclient.RoomGUI
java_class_path (initial): /home/ubuntu/Documents/OpenSAF_VERMOUTH/Chat_Service/Client_Java/ChatClient/build/classes
Launcher Type: SUN_STANDARD

Environment Variables:
PATH=/home/ubuntu/bin:/home/ubuntu/.local/bin:/usr/local/sbin:/usr/local/bin:/usr/sbin:/usr/bin:/sbin:/bin:/usr/games:/usr/local/games:/snap/bin
LD_LIBRARY_PATH=/usr/local/jdk1.8.0_171/jre/lib/amd64:/usr/local/jdk1.8.0_171/jre/lib/i386:
SHELL=/bin/bash
DISPLAY=:0

Signal Handlers:
SIGSEGV: [libjvm.so+0xad0890], sa_mask[0]=11111111011111111101111111111110, sa_flags=SA_RESTART|SA_SIGINFO
SIGBUS: [libjvm.so+0xad0890], sa_mask[0]=11111111011111111101111111111110, sa_flags=SA_RESTART|SA_SIGINFO
SIGFPE: [libjvm.so+0x928640], sa_mask[0]=11111111011111111101111111111110, sa_flags=SA_RESTART|SA_SIGINFO
SIGPIPE: [libjvm.so+0x928640], sa_mask[0]=11111111011111111101111111111110, sa_flags=SA_RESTART|SA_SIGINFO
SIGXFSZ: [libjvm.so+0x928640], sa_mask[0]=11111111011111111101111111111110, sa_flags=SA_RESTART|SA_SIGINFO
SIGILL: [libjvm.so+0x928640], sa_mask[0]=11111111011111111101111111111110, sa_flags=SA_RESTART|SA_SIGINFO
SIGUSR1: SIG_DFL, sa_mask[0]=00000000000000000000000000000000, sa_flags=none
SIGUSR2: [libjvm.so+0x929ea0], sa_mask[0]=00100000000000000000000000000000, sa_flags=SA_RESTART|SA_SIGINFO
SIGHUP: [libjvm.so+0x92b2a0], sa_mask[0]=11111111011111111101111111111110, sa_flags=SA_RESTART|SA_SIGINFO
SIGINT: SIG_IGN, sa_mask[0]=00000000000000000000000000000000, sa_flags=none
SIGTERM: [libjvm.so+0x92b2a0], sa_mask[0]=11111111011111111101111111111110, sa_flags=SA_RESTART|SA_SIGINFO
SIGQUIT: [libjvm.so+0x92b2a0], sa_mask[0]=11111111011111111101111111111110, sa_flags=SA_RESTART|SA_SIGINFO


---------------  S Y S T E M  ---------------

OS:DISTRIB_ID=Ubuntu
DISTRIB_RELEASE=16.04
DISTRIB_CODENAME=xenial
DISTRIB_DESCRIPTION="Ubuntu 16.04.4 LTS"

uname:Linux 4.13.0-45-generic #50~16.04.1-Ubuntu SMP Wed May 30 11:18:27 UTC 2018 x86_64
libc:glibc 2.23 NPTL 2.23 
rlimit: STACK 8192k, CORE 0k, NPROC 19168, NOFILE 1048576, AS infinity
load average:3,19 3,24 3,50

/proc/meminfo:
MemTotal:        4960192 kB
MemFree:         1939432 kB
MemAvailable:    3455992 kB
Buffers:          226896 kB
Cached:          1562964 kB
SwapCached:         1100 kB
Active:          1543936 kB
Inactive:        1203388 kB
Active(anon):     856352 kB
Inactive(anon):   227048 kB
Active(file):     687584 kB
Inactive(file):   976340 kB
Unevictable:          32 kB
Mlocked:              32 kB
SwapTotal:       4192252 kB
SwapFree:        4167408 kB
Dirty:               180 kB
Writeback:           200 kB
AnonPages:        956132 kB
Mapped:           257636 kB
Shmem:            125768 kB
Slab:             198144 kB
SReclaimable:     118852 kB
SUnreclaim:        79292 kB
KernelStack:        7924 kB
PageTables:        22476 kB
NFS_Unstable:          0 kB
Bounce:                0 kB
WritebackTmp:          0 kB
CommitLimit:     6672348 kB
Committed_AS:    2516508 kB
VmallocTotal:   34359738367 kB
VmallocUsed:           0 kB
VmallocChunk:          0 kB
HardwareCorrupted:     0 kB
AnonHugePages:         0 kB
ShmemHugePages:        0 kB
ShmemPmdMapped:        0 kB
CmaTotal:              0 kB
CmaFree:               0 kB
HugePages_Total:       0
HugePages_Free:        0
HugePages_Rsvd:        0
HugePages_Surp:        0
Hugepagesize:       2048 kB
DirectMap4k:      181184 kB
DirectMap2M:     4950016 kB


CPU:total 3 (initial active 3) (3 cores per cpu, 1 threads per core) family 6 model 42 stepping 7, cmov, cx8, fxsr, mmx, sse, sse2, sse3, ssse3, sse4.1, sse4.2, popcnt, avx, clmul, tsc, tscinvbit

/proc/cpuinfo:
processor	: 0
vendor_id	: GenuineIntel
cpu family	: 6
model		: 42
model name	: Intel(R) Core(TM) i3-2350M CPU @ 2.30GHz
stepping	: 7
cpu MHz		: 2294.786
cache size	: 3072 KB
physical id	: 0
siblings	: 3
core id		: 0
cpu cores	: 3
apicid		: 0
initial apicid	: 0
fpu		: yes
fpu_exception	: yes
cpuid level	: 13
wp		: yes
flags		: fpu vme de pse tsc msr pae mce cx8 apic sep mtrr pge mca cmov pat pse36 clflush mmx fxsr sse sse2 ht syscall nx rdtscp lm constant_tsc rep_good nopl xtopology nonstop_tsc cpuid pni pclmulqdq ssse3 cx16 sse4_1 sse4_2 x2apic popcnt xsave avx hypervisor lahf_lm pti retpoline
bugs		: cpu_meltdown spectre_v1 spectre_v2 spec_store_bypass
bogomips	: 4589.57
clflush size	: 64
cache_alignment	: 64
address sizes	: 36 bits physical, 48 bits virtual
power management:

processor	: 1
vendor_id	: GenuineIntel
cpu family	: 6
model		: 42
model name	: Intel(R) Core(TM) i3-2350M CPU @ 2.30GHz
stepping	: 7
cpu MHz		: 2294.786
cache size	: 3072 KB
physical id	: 0
siblings	: 3
core id		: 1
cpu cores	: 3
apicid		: 1
initial apicid	: 1
fpu		: yes
fpu_exception	: yes
cpuid level	: 13
wp		: yes
flags		: fpu vme de pse tsc msr pae mce cx8 apic sep mtrr pge mca cmov pat pse36 clflush mmx fxsr sse sse2 ht syscall nx rdtscp lm constant_tsc rep_good nopl xtopology nonstop_tsc cpuid pni pclmulqdq ssse3 cx16 sse4_1 sse4_2 x2apic popcnt xsave avx hypervisor lahf_lm pti retpoline
bugs		: cpu_meltdown spectre_v1 spectre_v2 spec_store_bypass
bogomips	: 4589.57
clflush size	: 64
cache_alignment	: 64
address sizes	: 36 bits physical, 48 bits virtual
power management:

processor	: 2
vendor_id	: GenuineIntel
cpu family	: 6
model		: 42
model name	: Intel(R) Core(TM) i3-2350M CPU @ 2.30GHz
stepping	: 7
cpu MHz		: 2294.786
cache size	: 3072 KB
physical id	: 0
siblings	: 3
core id		: 2
cpu cores	: 3
apicid		: 2
initial apicid	: 2
fpu		: yes
fpu_exception	: yes
cpuid level	: 13
wp		: yes
flags		: fpu vme de pse tsc msr pae mce cx8 apic sep mtrr pge mca cmov pat pse36 clflush mmx fxsr sse sse2 ht syscall nx rdtscp lm constant_tsc rep_good nopl xtopology nonstop_tsc cpuid pni pclmulqdq ssse3 cx16 sse4_1 sse4_2 x2apic popcnt xsave avx hypervisor lahf_lm pti retpoline
bugs		: cpu_meltdown spectre_v1 spectre_v2 spec_store_bypass
bogomips	: 4589.57
clflush size	: 64
cache_alignment	: 64
address sizes	: 36 bits physical, 48 bits virtual
power management:



Memory: 4k page, physical 4960192k(1939432k free), swap 4192252k(4167408k free)

vm_info: Java HotSpot(TM) 64-Bit Server VM (25.171-b11) for linux-amd64 JRE (1.8.0_171-b11), built on Mar 28 2018 17:07:08 by "java_re" with gcc 4.3.0 20080428 (Red Hat 4.3.0-8)

time: Thu Jun 28 17:30:45 2018
elapsed time: 20803 seconds (0d 5h 46m 43s)

